<?xml version="1.0" encoding="UTF-8"?>
<!-- Generated by org.testng.reporters.JUnitReportReporter -->
<testsuite skipped="0" hostname="DESKTOP-E0UFMBU" name="com.api.test.Get_AllEmployeeData" tests="2" failures="0" timestamp="12 Feb 2020 06:36:31 GMT" time="2.215" errors="0">
  <testcase name="retrieveAllEmployee" time="1.815" classname="com.api.test.Get_AllEmployeeData"/>
  <testcase name="retrieveSpecificEmployee" time="0.400" classname="com.api.test.Get_AllEmployeeData"/>
</testsuite> <!-- com.api.test.Get_AllEmployeeData -->
