<?xml version="1.0" encoding="UTF-8"?>
<!-- Generated by org.testng.reporters.JUnitReportReporter -->
<testsuite skipped="0" hostname="DESKTOP-E0UFMBU" name="com.api.test.Put_UpdateEmployeeData" tests="1" failures="0" timestamp="12 Feb 2020 06:44:00 GMT" time="1.883" errors="0">
  <testcase name="updateEmployee" time="1.883" classname="com.api.test.Put_UpdateEmployeeData"/>
</testsuite> <!-- com.api.test.Put_UpdateEmployeeData -->
