<?xml version="1.0" encoding="UTF-8"?>
<!-- Generated by org.testng.reporters.JUnitReportReporter -->
<testsuite skipped="0" hostname="DESKTOP-E0UFMBU" name="com.api.test.Post_CreateEmployee" tests="1" failures="0" timestamp="12 Feb 2020 06:40:33 GMT" time="1.987" errors="0">
  <testcase name="createEmployee" time="1.987" classname="com.api.test.Post_CreateEmployee"/>
</testsuite> <!-- com.api.test.Post_CreateEmployee -->
