<?xml version="1.0" encoding="UTF-8"?>
<!-- Generated by org.testng.reporters.JUnitReportReporter -->
<testsuite skipped="0" hostname="DESKTOP-E0UFMBU" name="com.api.test.Delete_DeleteEmployeeData" tests="1" failures="0" timestamp="12 Feb 2020 06:47:48 GMT" time="1.999" errors="0">
  <testcase name="deleteEmployee" time="1.999" classname="com.api.test.Delete_DeleteEmployeeData"/>
</testsuite> <!-- com.api.test.Delete_DeleteEmployeeData -->
